{
  "RSpec": {
    "coverage": {
      "/home/florencia/Documentos/AyDSistemas/geogef/server/sinatra/app.rb": {
        "lines": [
          1,
          1,
          1,
          1,
          1,
          null,
          null,
          1,
          1,
          1,
          1,
          1,
          1,
          1,
          1,
          1,
          1,
          1,
          1,
          1,
          null,
          1,
          1,
          null,
          1,
          null,
          1,
          null,
          null,
          1,
          36,
          9,
          null,
          null,
          null,
          1,
          0,
          null,
          null,
          1,
          1,
          1,
          null,
          null,
          1,
          12,
          12,
          null,
          12,
          null,
          12,
          11,
          11,
          null,
          1,
          null,
          null,
          null,
          null,
          null,
          1,
          0,
          0,
          null,
          null,
          1,
          14,
          14,
          14,
          14,
          null,
          14,
          null,
          null,
          null,
          0,
          null,
          null,
          null,
          null,
          14,
          11,
          null,
          null,
          null,
          null,
          3,
          1,
          null,
          null,
          null,
          null,
          2,
          1,
          null,
          null,
          null,
          null,
          1,
          null,
          1,
          1,
          1,
          null,
          0,
          null,
          null,
          null,
          null,
          null,
          null,
          1,
          2,
          2,
          null,
          null,
          1,
          0,
          0,
          null,
          null,
          1,
          0,
          0,
          0,
          0,
          0,
          0,
          0,
          null,
          null,
          0,
          null,
          null,
          null,
          1,
          0,
          0,
          0,
          null,
          0,
          0,
          null,
          0,
          null,
          null,
          null,
          1,
          0,
          0,
          0,
          0,
          null,
          null,
          1,
          0,
          0,
          0,
          0,
          0,
          0,
          0,
          null,
          0,
          null,
          0,
          null,
          null,
          null,
          1,
          0,
          0,
          null,
          null,
          1,
          0,
          0,
          null,
          null,
          1,
          1,
          1,
          null,
          null,
          1,
          1,
          null,
          1,
          null,
          1,
          1,
          1,
          null,
          1,
          null,
          null,
          null,
          1,
          1,
          null,
          null,
          null,
          null,
          1,
          1,
          null,
          null,
          1,
          1,
          null,
          1,
          1,
          null,
          1,
          0,
          0,
          null,
          null,
          1,
          null,
          1,
          0,
          null,
          0,
          null,
          null,
          null,
          1,
          null,
          1,
          0,
          null,
          0,
          null,
          null,
          null,
          null,
          1,
          null,
          null,
          null,
          null,
          1,
          1,
          1,
          null,
          1,
          1,
          null,
          null,
          1,
          0,
          0,
          null,
          0,
          0,
          null,
          0,
          0,
          0,
          null,
          0,
          0,
          0,
          0,
          null,
          0,
          0,
          0,
          null,
          0,
          0,
          null,
          null,
          0,
          null,
          null,
          0,
          null,
          null,
          0,
          null,
          null,
          null,
          1,
          0,
          null,
          0,
          0,
          0,
          null,
          0,
          0,
          null,
          null,
          1,
          0,
          null,
          0,
          0,
          null,
          0,
          0,
          null,
          0,
          0,
          null,
          null,
          1,
          0,
          0,
          null
        ]
      },
      "/home/florencia/Documentos/AyDSistemas/geogef/server/sinatra/auth_middleware.rb": {
        "lines": [
          1,
          1,
          1,
          null,
          null,
          1,
          36,
          3,
          3,
          null,
          0,
          null,
          null,
          33,
          null,
          null,
          null
        ]
      },
      "/home/florencia/Documentos/AyDSistemas/geogef/server/sinatra/helpers.rb": {
        "lines": [
          1,
          1,
          1,
          null,
          null,
          1,
          9,
          null,
          null,
          1,
          0,
          null,
          null,
          1,
          0,
          0,
          0,
          null,
          null,
          1,
          0,
          0,
          0,
          null,
          null,
          1,
          0,
          0,
          0,
          null,
          null
        ]
      },
      "/home/florencia/Documentos/AyDSistemas/geogef/server/sinatra/models/user.rb": {
        "lines": [
          1,
          null,
          1,
          1,
          null,
          1,
          null,
          1,
          1,
          1,
          1,
          null,
          1,
          71,
          null,
          null,
          1,
          48,
          48,
          null,
          null,
          1,
          15,
          null,
          null,
          1,
          4,
          4,
          3,
          null,
          null,
          null,
          1,
          1,
          1,
          null,
          null,
          1,
          1,
          1,
          null,
          null,
          1,
          70,
          70,
          70,
          70,
          70,
          null,
          null,
          1,
          1,
          1,
          1,
          1,
          null,
          1,
          null,
          null,
          1,
          1,
          null,
          null,
          null
        ]
      },
      "/home/florencia/Documentos/AyDSistemas/geogef/server/sinatra/models/question.rb": {
        "lines": [
          1,
          1,
          1,
          1,
          null
        ]
      },
      "/home/florencia/Documentos/AyDSistemas/geogef/server/sinatra/models/option.rb": {
        "lines": [
          1,
          1,
          1,
          null
        ]
      },
      "/home/florencia/Documentos/AyDSistemas/geogef/server/sinatra/models/topic.rb": {
        "lines": [
          1,
          1,
          1,
          1,
          null
        ]
      },
      "/home/florencia/Documentos/AyDSistemas/geogef/server/sinatra/models/lesson.rb": {
        "lines": [
          1,
          1,
          1,
          1,
          null
        ]
      },
      "/home/florencia/Documentos/AyDSistemas/geogef/server/sinatra/models/qa.rb": {
        "lines": [
          1,
          1,
          1,
          1,
          null
        ]
      },
      "/home/florencia/Documentos/AyDSistemas/geogef/server/sinatra/models/exam.rb": {
        "lines": [
          1,
          1,
          1,
          1,
          null
        ]
      },
      "/home/florencia/Documentos/AyDSistemas/geogef/server/sinatra/models/progresslesson.rb": {
        "lines": [
          1,
          1,
          1,
          1,
          null
        ]
      },
      "/home/florencia/Documentos/AyDSistemas/geogef/server/sinatra/models/level.rb": {
        "lines": [
          1,
          1,
          1,
          1,
          null
        ]
      },
      "/home/florencia/Documentos/AyDSistemas/geogef/server/sinatra/models/material.rb": {
        "lines": [
          1,
          1,
          1,
          null
        ]
      },
      "/home/florencia/Documentos/AyDSistemas/geogef/server/sinatra/models/country.rb": {
        "lines": [
          1,
          1,
          null
        ]
      },
      "/home/florencia/Documentos/AyDSistemas/geogef/server/sinatra/config/environment.rb": {
        "lines": [
          1,
          1,
          1,
          null,
          1,
          1
        ]
      }
    },
    "timestamp": 1724597858
  }
}
